2018-05-03T20:39:44.417903+00:00 heroku[run.6739]: Process exited with status 127
2018-05-03T20:40:13.868768+00:00 app[api]: Starting process with command `heroku run` by user diegoares02@gmail.com
2018-05-03T20:40:17.632120+00:00 heroku[run.5404]: Awaiting client
2018-05-03T20:40:17.678437+00:00 heroku[run.5404]: Starting process with command `heroku run`
2018-05-03T20:40:17.692976+00:00 heroku[run.5404]: State changed from starting to up
2018-05-03T20:40:22.678042+00:00 heroku[run.5404]: State changed from up to complete
2018-05-03T20:40:22.658635+00:00 heroku[run.5404]: Process exited with status 127
2018-05-03T20:40:27.156642+00:00 app[api]: Starting process with command `ls` by user diegoares02@gmail.com
2018-05-03T20:40:30.131092+00:00 heroku[run.2683]: Awaiting client
2018-05-03T20:40:30.184033+00:00 heroku[run.2683]: Starting process with command `ls`
2018-05-03T20:40:30.278655+00:00 heroku[run.2683]: State changed from starting to up
2018-05-03T20:40:34.720220+00:00 heroku[run.2683]: State changed from up to complete
2018-05-03T20:40:34.587394+00:00 heroku[run.2683]: Process exited with status 0
2018-05-03T20:41:11.942499+00:00 heroku[router]: at=error code=H10 desc="App crashed" method=GET path="/" host=new-chat-js.herokuapp.com request_id=ea4cccad-c0ba-43e5-b6e0-b4b205a017ba fwd="181.188.170.251" dyno= connect= service= status=503 bytes= protocol=https
2018-05-03T20:41:12.554026+00:00 heroku[router]: at=error code=H10 desc="App crashed" method=GET path="/favicon.ico" host=new-chat-js.herokuapp.com request_id=8a1240c7-3725-4413-b73e-5e0bc28f8dc5 fwd="181.188.170.251" dyno= connect= service= status=503 bytes= protocol=https
2018-05-03T20:43:53.000000+00:00 app[api]: Build started by user diegoares02@gmail.com
2018-05-03T20:44:08.569650+00:00 heroku[web.1]: State changed from crashed to starting
2018-05-03T20:44:08.142693+00:00 app[api]: Release v8 created by user diegoares02@gmail.com
2018-05-03T20:44:08.142693+00:00 app[api]: Deploy 3d314283 by user diegoares02@gmail.com
2018-05-03T20:43:53.000000+00:00 app[api]: Build succeeded
2018-05-03T20:44:11.671479+00:00 heroku[web.1]: Starting process with command `npm start`
2018-05-03T20:44:15.403389+00:00 heroku[web.1]: Process exited with status 1
2018-05-03T20:44:15.248163+00:00 app[web.1]: module.js:549
2018-05-03T20:44:15.248204+00:00 app[web.1]:     throw err;
2018-05-03T20:44:15.248206+00:00 app[web.1]:     ^
2018-05-03T20:44:15.248208+00:00 app[web.1]: 
2018-05-03T20:44:15.248217+00:00 app[web.1]: Error: Cannot find module 'express'
2018-05-03T20:44:15.248220+00:00 app[web.1]:     at Function.Module._resolveFilename (module.js:547:15)
2018-05-03T20:44:15.248222+00:00 app[web.1]:     at Function.Module._load (module.js:474:25)
2018-05-03T20:44:14.913578+00:00 app[web.1]: 
2018-05-03T20:44:14.913599+00:00 app[web.1]: > chat-js@1.0.0 start /app
2018-05-03T20:44:14.913601+00:00 app[web.1]: > node src/index.js
2018-05-03T20:44:15.248224+00:00 app[web.1]:     at Module.require (module.js:596:17)
2018-05-03T20:44:15.248225+00:00 app[web.1]:     at require (internal/module.js:11:18)
2018-05-03T20:44:15.248227+00:00 app[web.1]:     at Object.<anonymous> (/app/src/index.js:3:17)
2018-05-03T20:44:14.913602+00:00 app[web.1]: 
2018-05-03T20:44:15.248229+00:00 app[web.1]:     at Module._compile (module.js:652:30)
2018-05-03T20:44:15.248231+00:00 app[web.1]:     at Object.Module._extensions..js (module.js:663:10)
2018-05-03T20:44:15.248232+00:00 app[web.1]:     at Module.load (module.js:565:32)
2018-05-03T20:44:15.248234+00:00 app[web.1]:     at tryModuleLoad (module.js:505:12)
2018-05-03T20:44:15.248235+00:00 app[web.1]:     at Function.Module._load (module.js:497:3)
2018-05-03T20:44:15.261088+00:00 app[web.1]: npm ERR! code ELIFECYCLE
2018-05-03T20:44:15.261092+00:00 app[web.1]: npm ERR! errno 1
2018-05-03T20:44:15.262188+00:00 app[web.1]: npm ERR! chat-js@1.0.0 start: `node src/index.js`
2018-05-03T20:44:15.264271+00:00 app[web.1]: npm ERR! Exit status 1
2018-05-03T20:44:15.264275+00:00 app[web.1]: npm ERR! 
2018-05-03T20:44:15.264278+00:00 app[web.1]: npm ERR! Failed at the chat-js@1.0.0 start script.
2018-05-03T20:44:15.264284+00:00 app[web.1]: npm ERR! This is probably not a problem with npm. There is likely additional logging output above.
2018-05-03T20:44:15.297819+00:00 app[web.1]: 
2018-05-03T20:44:15.298370+00:00 app[web.1]: npm ERR! A complete log of this run can be found in:
2018-05-03T20:44:15.298373+00:00 app[web.1]: npm ERR!     /app/.npm/_logs/2018-05-03T20_44_15_266Z-debug.log
2018-05-03T20:44:15.424767+00:00 heroku[web.1]: State changed from starting to crashed
2018-05-03T20:44:15.426842+00:00 heroku[web.1]: State changed from crashed to starting
2018-05-03T20:44:17.155468+00:00 heroku[web.1]: Starting process with command `npm start`
2018-05-03T20:44:18.917502+00:00 app[web.1]: 
2018-05-03T20:44:18.917520+00:00 app[web.1]: > chat-js@1.0.0 start /app
2018-05-03T20:44:18.917521+00:00 app[web.1]: > node src/index.js
2018-05-03T20:44:18.917522+00:00 app[web.1]: 
2018-05-03T20:44:19.006583+00:00 app[web.1]: module.js:549
2018-05-03T20:44:19.006586+00:00 app[web.1]:     throw err;
2018-05-03T20:44:19.006587+00:00 app[web.1]:     ^
2018-05-03T20:44:19.006588+00:00 app[web.1]: 
2018-05-03T20:44:19.006590+00:00 app[web.1]: Error: Cannot find module 'express'
2018-05-03T20:44:19.006591+00:00 app[web.1]:     at Function.Module._resolveFilename (module.js:547:15)
2018-05-03T20:44:19.006594+00:00 app[web.1]:     at Module.require (module.js:596:17)
2018-05-03T20:44:19.006593+00:00 app[web.1]:     at Function.Module._load (module.js:474:25)
2018-05-03T20:44:19.006595+00:00 app[web.1]:     at require (internal/module.js:11:18)
2018-05-03T20:44:19.006596+00:00 app[web.1]:     at Object.<anonymous> (/app/src/index.js:3:17)
2018-05-03T20:44:19.006598+00:00 app[web.1]:     at Module._compile (module.js:652:30)
2018-05-03T20:44:19.006599+00:00 app[web.1]:     at Object.Module._extensions..js (module.js:663:10)
2018-05-03T20:44:19.006600+00:00 app[web.1]:     at Module.load (module.js:565:32)
2018-05-03T20:44:19.006601+00:00 app[web.1]:     at tryModuleLoad (module.js:505:12)
2018-05-03T20:44:19.006603+00:00 app[web.1]:     at Function.Module._load (module.js:497:3)
2018-05-03T20:44:19.011728+00:00 app[web.1]: npm ERR! code ELIFECYCLE
2018-05-03T20:44:19.012011+00:00 app[web.1]: npm ERR! errno 1
2018-05-03T20:44:19.012998+00:00 app[web.1]: npm ERR! chat-js@1.0.0 start: `node src/index.js`
2018-05-03T20:44:19.013123+00:00 app[web.1]: npm ERR! Exit status 1
2018-05-03T20:44:19.013292+00:00 app[web.1]: npm ERR! 
2018-05-03T20:44:19.013407+00:00 app[web.1]: npm ERR! Failed at the chat-js@1.0.0 start script.
2018-05-03T20:44:19.019566+00:00 app[web.1]: 
2018-05-03T20:44:19.013510+00:00 app[web.1]: npm ERR! This is probably not a problem with npm. There is likely additional logging output above.
2018-05-03T20:44:19.019711+00:00 app[web.1]: npm ERR! A complete log of this run can be found in:
2018-05-03T20:44:19.019793+00:00 app[web.1]: npm ERR!     /app/.npm/_logs/2018-05-03T20_44_19_014Z-debug.log
2018-05-03T20:44:19.074326+00:00 heroku[web.1]: Process exited with status 1
2018-05-03T20:44:19.091024+00:00 heroku[web.1]: State changed from starting to crashed
2018-05-03T20:44:19.626831+00:00 heroku[router]: at=error code=H10 desc="App crashed" method=GET path="/" host=new-chat-js.herokuapp.com request_id=3b456ee9-520e-4034-8f29-4a79706cfb56 fwd="181.188.170.251" dyno= connect= service= status=503 bytes= protocol=https
2018-05-03T20:44:20.199459+00:00 heroku[router]: at=error code=H10 desc="App crashed" method=GET path="/favicon.ico" host=new-chat-js.herokuapp.com request_id=2caf6b0c-0a86-4886-acfb-61be14e317f0 fwd="181.188.170.251" dyno= connect= service= status=503 bytes= protocol=https
2018-05-03T20:45:33.684457+00:00 app[api]: Starting process with command `vim /app/.npm/_logs/2018-05-03T20_44_19_014Z-debug.log` by user diegoares02@gmail.com
2018-05-03T20:45:37.177756+00:00 heroku[run.1793]: State changed from starting to up
2018-05-03T20:45:37.114033+00:00 heroku[run.1793]: Awaiting client
2018-05-03T20:45:37.214106+00:00 heroku[run.1793]: Starting process with command `vim /app/.npm/_logs/2018-05-03T20_44_19_014Z-debug.log`
2018-05-03T20:45:41.763656+00:00 heroku[run.1793]: Process exited with status 127
2018-05-03T20:45:41.848262+00:00 heroku[run.1793]: State changed from up to complete
2018-05-03T20:45:56.319707+00:00 app[api]: Starting process with command `nano /app/.npm/_logs/2018-05-03T20_44_19_014Z-debug.log` by user diegoares02@gmail.com
2018-05-03T20:46:00.062797+00:00 heroku[run.1267]: Awaiting client
2018-05-03T20:46:00.125108+00:00 heroku[run.1267]: Starting process with command `nano /app/.npm/_logs/2018-05-03T20_44_19_014Z-debug.log`
2018-05-03T20:46:00.153413+00:00 heroku[run.1267]: State changed from starting to up
2018-05-03T20:46:03.152921+00:00 heroku[run.1267]: Client connection closed. Sending SIGHUP to all processes
2018-05-03T20:46:03.712567+00:00 heroku[run.1267]: State changed from up to complete
2018-05-03T20:46:03.688375+00:00 heroku[run.1267]: Process exited with status 127
